<?xml version="1.0" encoding="UTF-8"?>
<!-- Generated by org.testng.reporters.JUnitReportReporter -->
<testsuite hostname="INDPRFTCTOL0051" failures="0" tests="1" name="com.mobile_first.Mobile_first_CN" time="128.548" errors="0" timestamp="2023-05-09T12:14:25 IST" skipped="0">
  <testcase classname="com.mobile_first.Mobile_first_CN" name="Homepage" time="128.548"/>
  <system-out/>
</testsuite> <!-- com.mobile_first.Mobile_first_CN -->
