<?xml version="1.0" encoding="UTF-8"?>
<!-- Generated by org.testng.reporters.JUnitReportReporter -->
<testsuite hostname="INDPRFTCTOL0051" failures="0" tests="1" name="com.mobile_first.Mobile_first_CN" time="157.577" errors="0" timestamp="2023-07-27T04:41:31 IST" skipped="0">
  <testcase classname="com.mobile_first.Mobile_first_CN" name="Homepage" time="157.577"/>
  <system-out/>
</testsuite> <!-- com.mobile_first.Mobile_first_CN -->
