<?xml version="1.0" encoding="UTF-8"?>
<!-- Generated by org.testng.reporters.JUnitReportReporter -->
<testsuite hostname="INDPRFTCTOL0051" failures="0" tests="1" name="com.example.runner.CucumberRunnerTests" time="85.329" errors="0" timestamp="2023-05-09T21:33:58 IST" skipped="0">
  <testcase classname="com.example.runner.CucumberRunnerTests" name="runScenario" time="85.329"/>
  <system-out/>
</testsuite> <!-- com.example.runner.CucumberRunnerTests -->
