<?xml version="1.0" encoding="UTF-8"?>
<!-- Generated by org.testng.reporters.JUnitReportReporter -->
<testsuite hostname="INDPRFTCTOL0051" failures="0" tests="1" name="com.example.runner.CucumberRunnerTests" time="136.556" errors="0" timestamp="2023-05-10T13:29:23 IST" skipped="0">
  <testcase classname="com.example.runner.CucumberRunnerTests" name="runScenario" time="136.556"/>
  <system-out/>
</testsuite> <!-- com.example.runner.CucumberRunnerTests -->
